h:\raghul\tasks\clockqt\clock\x64\debug\main.obj
h:\raghul\tasks\clockqt\clock\x64\debug\qrc_clock.obj
h:\raghul\tasks\clockqt\clock\x64\debug\moc_clock.obj
h:\raghul\tasks\clockqt\clock\generatedfiles\ui_clock.h
h:\raghul\tasks\clockqt\clock\generatedfiles\qrc_clock.cpp
h:\raghul\tasks\clockqt\clock\generatedfiles\debug\moc_clock.cpp
h:\raghul\tasks\clockqt\clock\.\generatedfiles\debug\moc_clock.cpp
h:\raghul\tasks\clockqt\clock\.\generatedfiles\qrc_clock.cpp
h:\raghul\tasks\clockqt\clock\.\generatedfiles\ui_clock.h
h:\raghul\tasks\clockqt\clock\x64\debug\vc140.pdb
h:\raghul\tasks\clockqt\clock\x64\debug\clock.tlog\cl.command.1.tlog
h:\raghul\tasks\clockqt\clock\x64\debug\clock.tlog\cl.read.1.tlog
h:\raghul\tasks\clockqt\clock\x64\debug\clock.tlog\cl.write.1.tlog
h:\raghul\tasks\clockqt\clock\x64\debug\clock.tlog\clock.write.1u.tlog
h:\raghul\tasks\clockqt\clock\x64\debug\clock.tlog\moc.read.1u.tlog
h:\raghul\tasks\clockqt\clock\x64\debug\clock.tlog\moc.write.1u.tlog
h:\raghul\tasks\clockqt\clock\x64\debug\clock.tlog\rcc.read.1u.tlog
h:\raghul\tasks\clockqt\clock\x64\debug\clock.tlog\rcc.write.1u.tlog
h:\raghul\tasks\clockqt\clock\x64\debug\clock.tlog\uic.read.1u.tlog
h:\raghul\tasks\clockqt\clock\x64\debug\clock.tlog\uic.write.1u.tlog
